The target system is: Generic - 3.3.99 - arm
The host system is: Windows - 10.0.22621 - AMD64
Compiling the C compiler identification source file "CMakeCCompilerId.c" succeeded.
Compiler: C:/ncs/toolchains/31f4403e35/opt/zephyr-sdk/arm-zephyr-eabi/bin/arm-zephyr-eabi-gcc.exe 
Build flags: 
Id flags: -c 

The output was:
0


Compilation of the C compiler identification source "CMakeCCompilerId.c" produced "CMakeCCompilerId.o"

The C compiler identification is GNU, found in "C:/Users/Omkar/Downloads/sensor_server-20230922T070400Z-001/sensor_server/build/CMakeFiles/3.20.5/CompilerIdC/CMakeCCompilerId.o"

Compiling the CXX compiler identification source file "CMakeCXXCompilerId.cpp" succeeded.
Compiler: C:/ncs/toolchains/31f4403e35/opt/zephyr-sdk/arm-zephyr-eabi/bin/arm-zephyr-eabi-gcc.exe 
Build flags: 
Id flags: -c 

The output was:
0


Compilation of the CXX compiler identification source "CMakeCXXCompilerId.cpp" produced "CMakeCXXCompilerId.o"

The CXX compiler identification is GNU, found in "C:/Users/Omkar/Downloads/sensor_server-20230922T070400Z-001/sensor_server/build/CMakeFiles/3.20.5/CompilerIdCXX/CMakeCXXCompilerId.o"

Checking whether the ASM compiler is GNU using "--version" matched "(GNU assembler)|(GCC)|(Free Software Foundation)":
arm-zephyr-eabi-gcc.exe (Zephyr SDK 0.16.0) 12.2.0
Copyright (C) 2022 Free Software Foundation, Inc.
This is free software; see the source for copying conditions.  There is NO
warranty; not even for MERCHANTABILITY or FITNESS FOR A PARTICULAR PURPOSE.

Determining if files stdatomic.h exist passed with the following output:
Change Dir: C:/Users/Omkar/Downloads/sensor_server-20230922T070400Z-001/sensor_server/build/CMakeFiles/CMakeTmp

Run Build Command(s):C:/ncs/toolchains/31f4403e35/opt/bin/ninja.exe cmTC_39917 && [1/2] Building C object CMakeFiles/cmTC_39917.dir/HAVE_STDATOMIC_H.c.obj
[2/2] Linking C executable cmTC_39917
arm-zephyr-eabi-gcc.exe: warning: CMakeFiles/cmTC_39917.dir/HAVE_STDATOMIC_H.c.obj: linker input file unused because linking not done



Determining if files fcntl.h exist passed with the following output:
Change Dir: C:/Users/Omkar/Downloads/sensor_server-20230922T070400Z-001/sensor_server/build/CMakeFiles/CMakeTmp

Run Build Command(s):C:/ncs/toolchains/31f4403e35/opt/bin/ninja.exe cmTC_b6efa && [1/2] Building C object CMakeFiles/cmTC_b6efa.dir/HAVE_FCNTL_H.c.obj
[2/2] Linking C executable cmTC_b6efa
arm-zephyr-eabi-gcc.exe: warning: CMakeFiles/cmTC_b6efa.dir/HAVE_FCNTL_H.c.obj: linker input file unused because linking not done



